<?xml version="1.0" encoding="UTF-8"?>
<!-- Generated by org.testng.reporters.JUnitReportReporter -->
<testsuite hostname="LP-220639767" failures="0" tests="2" name="Selinium.Selinium_java.TestNG_anno" time="0.007" errors="0" timestamp="16 May 2023 08:48:36 GMT" skipped="0">
  <testcase classname="Selinium.Selinium_java.TestNG_anno" name="test2" time="0.003"/>
  <testcase classname="Selinium.Selinium_java.TestNG_anno" name="test1" time="0.004"/>
</testsuite> <!-- Selinium.Selinium_java.TestNG_anno -->
